[02:09:52] [ServerMain/INFO]: [bootstrap] Running Java 26 (OpenJDK 64-Bit Server VM 26.0.2; Arch Linux null) on Linux 6.19.9-arch1-1 (amd64)
[02:09:52] [ServerMain/INFO]: [bootstrap] Loading Paper 1.21.11-127-main@bd74bf6 (2026-03-10T02:55:23Z) for Minecraft 1.21.11
[02:09:52] [ServerMain/INFO]: [PluginInitializerManager] Initializing plugins...
[02:09:52] [ServerMain/INFO]: [PluginInitializerManager] Initialized 0 plugins
[02:09:55] [ServerMain/INFO]: Environment: Environment[sessionHost=https://sessionserver.mojang.com, servicesHost=https://api.minecraftservices.com, profilesHost=https://api.mojang.com, name=PROD]
[02:09:55] [ServerMain/INFO]: Found new data pack file/bukkit, loading it automatically
[02:09:55] [ServerMain/INFO]: Found new data pack paper, loading it automatically
[02:09:55] [ServerMain/INFO]: No existing world data, creating new world
[02:09:56] [ServerMain/INFO]: Loaded 1470 recipes
[02:09:56] [ServerMain/INFO]: Loaded 1584 advancements
[02:09:56] [ServerMain/INFO]: [ca.spottedleaf.dataconverter.minecraft.datatypes.MCTypeRegistry] Initialising converters for DataConverter...
[02:09:56] [ServerMain/INFO]: [ca.spottedleaf.dataconverter.minecraft.datatypes.MCTypeRegistry] Finished initialising converters for DataConverter in 246.2ms
[02:09:56] [Server thread/INFO]: Starting minecraft server version 1.21.11
[02:09:56] [Server thread/INFO]: Loading properties
[02:09:56] [Server thread/INFO]: This server is running Paper version 1.21.11-127-main@bd74bf6 (2026-03-10T02:55:23Z) (Implementing API version 1.21.11-R0.1-SNAPSHOT)
[02:09:56] [Server thread/INFO]: [spark] This server bundles the spark profiler. For more information please visit https://docs.papermc.io/paper/profiling
[02:09:56] [Server thread/INFO]: Server Ping Player Sample Count: 12
[02:09:56] [Server thread/INFO]: Using 4 threads for Netty based IO
[02:09:57] [Server thread/INFO]: [MoonriseCommon] Paper is using 4 worker threads, 1 I/O threads
[02:09:57] [Server thread/INFO]: Default game type: SURVIVAL
[02:09:57] [Server thread/INFO]: Generating keypair
[02:09:57] [Server thread/INFO]: Starting Minecraft server on *:25565
[02:09:57] [Server thread/INFO]: Paper: Using libdeflate (Linux x86_64) compression from Velocity.
[02:09:57] [Server thread/INFO]: Paper: Using OpenSSL 3.x.x (Linux x86_64) cipher from Velocity.
[02:09:57] [Server thread/INFO]: Preparing level "world"
[02:09:57] [Server thread/INFO]: [ca.spottedleaf.moonrise.common.util.MoonriseConstants] NUMA enable flag is not set; however there is NUMA interaction support for this OS.
[02:09:57] [Server thread/INFO]: [ca.spottedleaf.moonrise.common.util.MoonriseConstants] Detected 1 NUMA nodes.
[02:09:57] [Server thread/INFO]: Selecting spawn point for world 'minecraft:overworld'...
[02:09:59] [Server thread/INFO]: Selecting spawn point for world 'minecraft:the_nether'...
[02:10:00] [Server thread/INFO]: Selecting spawn point for world 'minecraft:the_end'...
[02:10:00] [Server thread/INFO]: Loading 0 persistent chunks for world 'minecraft:overworld'...
[02:10:00] [Server thread/INFO]: Preparing spawn area: 100%
[02:10:00] [Server thread/INFO]: Prepared spawn area in 2717 ms
[02:10:00] [Server thread/INFO]: Loading 0 persistent chunks for world 'minecraft:the_nether'...
[02:10:00] [Server thread/INFO]: Preparing spawn area: 100%
[02:10:00] [Server thread/INFO]: Prepared spawn area in 486 ms
[02:10:00] [Server thread/INFO]: Loading 0 persistent chunks for world 'minecraft:the_end'...
[02:10:00] [Server thread/INFO]: Preparing spawn area: 100%
[02:10:00] [Server thread/INFO]: Prepared spawn area in 125 ms
[02:10:00] [Server thread/INFO]: Done preparing level "world" (2.896s)
[02:10:00] [Server thread/INFO]: [spark] Starting background profiler...
[02:10:00] [Server thread/INFO]: Running delayed init tasks
[02:10:00] [Server thread/INFO]: Done (8.410s)! For help, type "help"
[02:10:00] [Server thread/INFO]: Stopping server
[02:10:00] [Server thread/INFO]: Saving players
[02:10:00] [Server thread/INFO]: Saving worlds
[02:10:00] [Server thread/INFO]: Saving chunks for level 'ServerLevel[world]'/minecraft:overworld
[02:10:00] [Server thread/INFO]: [ChunkHolderManager] Waiting 60s for chunk system to halt for world 'world'
[02:10:00] [Server thread/INFO]: [ChunkHolderManager] Halted chunk system for world 'world'
[02:10:00] [Server thread/INFO]: [ChunkHolderManager] Saving all chunkholders for world 'world'
[02:10:00] [Server thread/INFO]: [ChunkHolderManager] Saved 529 block chunks, 1 entity chunks, 0 poi chunks in world 'world' in 0.17s
[02:10:00] [Server thread/INFO]: [ChunkHolderManager] Waiting 60s for chunk I/O to halt for world 'world'
[02:10:00] [Server thread/INFO]: [ChunkHolderManager] Halted I/O scheduler for world 'world'
[02:10:00] [Server thread/INFO]: Saving chunks for level 'ServerLevel[world_nether]'/minecraft:the_nether
[02:10:00] [Server thread/INFO]: [ChunkHolderManager] Waiting 60s for chunk system to halt for world 'world_nether'
[02:10:00] [Server thread/INFO]: [ChunkHolderManager] Halted chunk system for world 'world_nether'
[02:10:00] [Server thread/INFO]: [ChunkHolderManager] Saving all chunkholders for world 'world_nether'
[02:10:01] [Server thread/INFO]: [ChunkHolderManager] Saved 529 block chunks, 1 entity chunks, 0 poi chunks in world 'world_nether' in 0.07s
[02:10:01] [Server thread/INFO]: [ChunkHolderManager] Waiting 60s for chunk I/O to halt for world 'world_nether'
[02:10:01] [Server thread/INFO]: [ChunkHolderManager] Halted I/O scheduler for world 'world_nether'
[02:10:01] [Server thread/INFO]: Saving chunks for level 'ServerLevel[world_the_end]'/minecraft:the_end
[02:10:01] [Server thread/INFO]: [ChunkHolderManager] Waiting 60s for chunk system to halt for world 'world_the_end'
[02:10:01] [Server thread/INFO]: [ChunkHolderManager] Halted chunk system for world 'world_the_end'
[02:10:01] [Server thread/INFO]: [ChunkHolderManager] Saving all chunkholders for world 'world_the_end'
[02:10:01] [Server thread/INFO]: [ChunkHolderManager] Saved 529 block chunks, 1 entity chunks, 0 poi chunks in world 'world_the_end' in 0.04s
[02:10:01] [Server thread/INFO]: [ChunkHolderManager] Waiting 60s for chunk I/O to halt for world 'world_the_end'
[02:10:01] [Server thread/INFO]: [ChunkHolderManager] Halted I/O scheduler for world 'world_the_end'
[02:10:01] [Server thread/INFO]: ThreadedAnvilChunkStorage (world): All chunks are saved
[02:10:01] [Server thread/INFO]: ThreadedAnvilChunkStorage (DIM-1): All chunks are saved
[02:10:01] [Server thread/INFO]: ThreadedAnvilChunkStorage (DIM1): All chunks are saved
[02:10:01] [Server thread/INFO]: ThreadedAnvilChunkStorage: All dimensions are saved
[02:10:01] [Server thread/INFO]: Waiting for all RegionFile I/O tasks to complete...
[02:10:01] [Server thread/INFO]: All RegionFile I/O tasks to complete
[02:10:01] [Server thread/INFO]: [MoonriseCommon] Awaiting termination of worker pool for up to 60s...
[02:10:01] [Server thread/INFO]: [MoonriseCommon] Awaiting termination of I/O pool for up to 60s...
